c:\users\lenovo\documents\visual studio 2015\projects\project5\project5\debug\vc140.pdb
c:\users\lenovo\documents\visual studio 2015\projects\project5\project5\debug\.netframework,version=v4.5.2.assemblyattributes.obj
c:\users\lenovo\documents\visual studio 2015\projects\project5\project5\debug\.netframework,version=v4.5.2.assemblyattributes.asm
c:\users\lenovo\documents\visual studio 2015\projects\project5\project5\debug\myform1.obj
c:\users\lenovo\documents\visual studio 2015\projects\project5\project5\debug\myform.obj
c:\users\lenovo\documents\visual studio 2015\projects\project5\project5\debug\project5.myform.resources
c:\users\lenovo\documents\visual studio 2015\projects\project5\project5\debug\project5.myform1.resources
c:\users\lenovo\documents\visual studio 2015\projects\project5\project5\debug\project5.vcxproj.generateresource.cache
c:\users\lenovo\documents\visual studio 2015\projects\project5\debug\project5.pdb
c:\users\lenovo\documents\visual studio 2015\projects\project5\project5\debug\project5.tlog\cl.command.1.tlog
c:\users\lenovo\documents\visual studio 2015\projects\project5\project5\debug\project5.tlog\cl.read.1.tlog
c:\users\lenovo\documents\visual studio 2015\projects\project5\project5\debug\project5.tlog\cl.write.1.tlog
c:\users\lenovo\documents\visual studio 2015\projects\project5\project5\debug\project5.tlog\link.3132-cvtres.read.1.tlog
c:\users\lenovo\documents\visual studio 2015\projects\project5\project5\debug\project5.tlog\link.3132-cvtres.write.1.tlog
c:\users\lenovo\documents\visual studio 2015\projects\project5\project5\debug\project5.tlog\link.3132-rc.read.1.tlog
c:\users\lenovo\documents\visual studio 2015\projects\project5\project5\debug\project5.tlog\link.3132-rc.write.1.tlog
c:\users\lenovo\documents\visual studio 2015\projects\project5\project5\debug\project5.tlog\link.3132.read.1.tlog
c:\users\lenovo\documents\visual studio 2015\projects\project5\project5\debug\project5.tlog\link.3132.write.1.tlog
c:\users\lenovo\documents\visual studio 2015\projects\project5\project5\debug\project5.tlog\link.4048-cvtres.read.1.tlog
c:\users\lenovo\documents\visual studio 2015\projects\project5\project5\debug\project5.tlog\link.4048-cvtres.write.1.tlog
c:\users\lenovo\documents\visual studio 2015\projects\project5\project5\debug\project5.tlog\link.4048-rc.read.1.tlog
c:\users\lenovo\documents\visual studio 2015\projects\project5\project5\debug\project5.tlog\link.4048-rc.write.1.tlog
c:\users\lenovo\documents\visual studio 2015\projects\project5\project5\debug\project5.tlog\link.4048.read.1.tlog
c:\users\lenovo\documents\visual studio 2015\projects\project5\project5\debug\project5.tlog\link.4048.write.1.tlog
c:\users\lenovo\documents\visual studio 2015\projects\project5\project5\debug\project5.tlog\link.command.1.tlog
c:\users\lenovo\documents\visual studio 2015\projects\project5\project5\debug\project5.tlog\link.read.1.tlog
c:\users\lenovo\documents\visual studio 2015\projects\project5\project5\debug\project5.tlog\link.write.1.tlog
c:\users\lenovo\documents\visual studio 2015\projects\project5\project5\debug\project5.tlog\metagen.read.1.tlog
c:\users\lenovo\documents\visual studio 2015\projects\project5\project5\debug\project5.tlog\metagen.write.1.tlog
c:\users\lenovo\documents\visual studio 2015\projects\project5\project5\debug\project5.tlog\project5.write.1u.tlog
c:\users\lenovo\documents\visual studio 2015\projects\project5\project5\debug\project5.tlog\tzres.dll.bi
